<?xml version="1.0" encoding="UTF-8"?>
<!-- Generated by org.testng.reporters.JUnitReportReporter -->
<testsuite hostname="CWT-LPT-193" failures="0" tests="4" name="APIAutomationRestAssured.tests.integration.TCIntegration" time="6.625" errors="0" timestamp="8 Jul 2024 08:03:38 GMT">
  <testcase classname="APIAutomationRestAssured.tests.integration.TCIntegration" name="testDeleteByBookingId" time="0.957"/>
  <testcase classname="APIAutomationRestAssured.tests.integration.TCIntegration" name="testCreateBooking" time="3.615"/>
  <testcase classname="APIAutomationRestAssured.tests.integration.TCIntegration" name="testVerifyBookingId" time="1.039"/>
  <testcase classname="APIAutomationRestAssured.tests.integration.TCIntegration" name="testUpdateByBookingId" time="1.014"/>
</testsuite> <!-- APIAutomationRestAssured.tests.integration.TCIntegration -->
